Vivado Simulator 2018.1
Copyright 1986-1999, 2001-2017 Xilinx, Inc. All Rights Reserved.
Running: C:/Xilinx/Vivado/2018.1/bin/unwrapped/win64.o/xelab.exe -wto cb2f96b1284d4055a465146273068fbd --incr --debug typical --relax --mt 2 -L axi_infrastructure_v1_1_0 -L smartconnect_v1_0 -L axi_protocol_checker_v2_0_2 -L xil_defaultlib -L axi_vip_v1_1_2 -L xilinx_vip -L unisims_ver -L unimacro_ver -L secureip -L xpm --snapshot TB_AXI_Lite_behav xil_defaultlib.TB_AXI_Lite xil_defaultlib.glbl -log elaborate.log 
Using 2 slave threads.
Starting static elaboration
Completed static elaboration
WARNING: [XSIM 43-4127] File "/wrk/2018.1/nightly/2018_04_04_2188600/packages/customer/vivado/data/ip/xilinx/axi_protocol_checker_v2_0/hdl/axi_protocol_checker_v2_0_vl_rfs.sv" Line 4764 : The "System Verilog Property Declaration" is not supported yet for simulation. The statement will be ignored.
WARNING: [XSIM 43-4127] File "/wrk/2018.1/nightly/2018_04_04_2188600/packages/customer/vivado/data/ip/xilinx/axi_protocol_checker_v2_0/hdl/axi_protocol_checker_v2_0_vl_rfs.sv" Line 4767 : The "System Verilog Assertion" is not supported yet for simulation. The statement will be ignored.
WARNING: [XSIM 43-4127] File "/wrk/2018.1/nightly/2018_04_04_2188600/packages/customer/vivado/data/ip/xilinx/axi_protocol_checker_v2_0/hdl/axi_protocol_checker_v2_0_vl_rfs.sv" Line 4773 : The "System Verilog Property Declaration" is not supported yet for simulation. The statement will be ignored.
WARNING: [XSIM 43-4127] File "/wrk/2018.1/nightly/2018_04_04_2188600/packages/customer/vivado/data/ip/xilinx/axi_protocol_checker_v2_0/hdl/axi_protocol_checker_v2_0_vl_rfs.sv" Line 4776 : The "System Verilog Assertion" is not supported yet for simulation. The statement will be ignored.
WARNING: [XSIM 43-4127] File "/wrk/2018.1/nightly/2018_04_04_2188600/packages/customer/vivado/data/ip/xilinx/axi_protocol_checker_v2_0/hdl/axi_protocol_checker_v2_0_vl_rfs.sv" Line 4782 : The "System Verilog Property Declaration" is not supported yet for simulation. The statement will be ignored.
WARNING: [XSIM 43-4127] File "/wrk/2018.1/nightly/2018_04_04_2188600/packages/customer/vivado/data/ip/xilinx/axi_protocol_checker_v2_0/hdl/axi_protocol_checker_v2_0_vl_rfs.sv" Line 4785 : The "System Verilog Assertion" is not supported yet for simulation. The statement will be ignored.
WARNING: [XSIM 43-4127] File "/wrk/2018.1/nightly/2018_04_04_2188600/packages/customer/vivado/data/ip/xilinx/axi_protocol_checker_v2_0/hdl/axi_protocol_checker_v2_0_vl_rfs.sv" Line 4791 : The "System Verilog Property Declaration" is not supported yet for simulation. The statement will be ignored.
WARNING: [XSIM 43-4127] File "/wrk/2018.1/nightly/2018_04_04_2188600/packages/customer/vivado/data/ip/xilinx/axi_protocol_checker_v2_0/hdl/axi_protocol_checker_v2_0_vl_rfs.sv" Line 4794 : The "System Verilog Assertion" is not supported yet for simulation. The statement will be ignored.
WARNING: [XSIM 43-4127] File "/wrk/2018.1/nightly/2018_04_04_2188600/packages/customer/vivado/data/ip/xilinx/axi_protocol_checker_v2_0/hdl/axi_protocol_checker_v2_0_vl_rfs.sv" Line 4800 : The "System Verilog Property Declaration" is not supported yet for simulation. The statement will be ignored.
WARNING: [XSIM 43-4127] File "/wrk/2018.1/nightly/2018_04_04_2188600/packages/customer/vivado/data/ip/xilinx/axi_protocol_checker_v2_0/hdl/axi_protocol_checker_v2_0_vl_rfs.sv" Line 4803 : The "System Verilog Assertion" is not supported yet for simulation. The statement will be ignored.
WARNING: [XSIM 43-4127] File "/wrk/2018.1/nightly/2018_04_04_2188600/packages/customer/vivado/data/ip/xilinx/axi_protocol_checker_v2_0/hdl/axi_protocol_checker_v2_0_vl_rfs.sv" Line 4809 : The "System Verilog Property Declaration" is not supported yet for simulation. The statement will be ignored.
WARNING: [XSIM 43-4127] File "/wrk/2018.1/nightly/2018_04_04_2188600/packages/customer/vivado/data/ip/xilinx/axi_protocol_checker_v2_0/hdl/axi_protocol_checker_v2_0_vl_rfs.sv" Line 4812 : The "System Verilog Assertion" is not supported yet for simulation. The statement will be ignored.
WARNING: [XSIM 43-4127] File "/wrk/2018.1/nightly/2018_04_04_2188600/packages/customer/vivado/data/ip/xilinx/axi_protocol_checker_v2_0/hdl/axi_protocol_checker_v2_0_vl_rfs.sv" Line 4818 : The "System Verilog Property Declaration" is not supported yet for simulation. The statement will be ignored.
WARNING: [XSIM 43-4127] File "/wrk/2018.1/nightly/2018_04_04_2188600/packages/customer/vivado/data/ip/xilinx/axi_protocol_checker_v2_0/hdl/axi_protocol_checker_v2_0_vl_rfs.sv" Line 4821 : The "System Verilog Assertion" is not supported yet for simulation. The statement will be ignored.
WARNING: [XSIM 43-4127] File "/wrk/2018.1/nightly/2018_04_04_2188600/packages/customer/vivado/data/ip/xilinx/axi_protocol_checker_v2_0/hdl/axi_protocol_checker_v2_0_vl_rfs.sv" Line 4827 : The "System Verilog Property Declaration" is not supported yet for simulation. The statement will be ignored.
WARNING: [XSIM 43-4127] File "/wrk/2018.1/nightly/2018_04_04_2188600/packages/customer/vivado/data/ip/xilinx/axi_protocol_checker_v2_0/hdl/axi_protocol_checker_v2_0_vl_rfs.sv" Line 4830 : The "System Verilog Assertion" is not supported yet for simulation. The statement will be ignored.
WARNING: [XSIM 43-4127] File "/wrk/2018.1/nightly/2018_04_04_2188600/packages/customer/vivado/data/ip/xilinx/axi_protocol_checker_v2_0/hdl/axi_protocol_checker_v2_0_vl_rfs.sv" Line 4836 : The "System Verilog Property Declaration" is not supported yet for simulation. The statement will be ignored.
WARNING: [XSIM 43-4127] File "/wrk/2018.1/nightly/2018_04_04_2188600/packages/customer/vivado/data/ip/xilinx/axi_protocol_checker_v2_0/hdl/axi_protocol_checker_v2_0_vl_rfs.sv" Line 4839 : The "System Verilog Assertion" is not supported yet for simulation. The statement will be ignored.
WARNING: [XSIM 43-4127] File "/wrk/2018.1/nightly/2018_04_04_2188600/packages/customer/vivado/data/ip/xilinx/axi_protocol_checker_v2_0/hdl/axi_protocol_checker_v2_0_vl_rfs.sv" Line 4845 : The "System Verilog Property Declaration" is not supported yet for simulation. The statement will be ignored.
WARNING: [XSIM 43-4127] File "/wrk/2018.1/nightly/2018_04_04_2188600/packages/customer/vivado/data/ip/xilinx/axi_protocol_checker_v2_0/hdl/axi_protocol_checker_v2_0_vl_rfs.sv" Line 4850 : The "System Verilog Assertion" is not supported yet for simulation. The statement will be ignored.
WARNING: [XSIM 43-4127] File "/wrk/2018.1/nightly/2018_04_04_2188600/packages/customer/vivado/data/ip/xilinx/axi_protocol_checker_v2_0/hdl/axi_protocol_checker_v2_0_vl_rfs.sv" Line 4856 : The "System Verilog Property Declaration" is not supported yet for simulation. The statement will be ignored.
WARNING: [XSIM 43-4127] File "/wrk/2018.1/nightly/2018_04_04_2188600/packages/customer/vivado/data/ip/xilinx/axi_protocol_checker_v2_0/hdl/axi_protocol_checker_v2_0_vl_rfs.sv" Line 4859 : The "System Verilog Assertion" is not supported yet for simulation. The statement will be ignored.
WARNING: [XSIM 43-4127] File "/wrk/2018.1/nightly/2018_04_04_2188600/packages/customer/vivado/data/ip/xilinx/axi_protocol_checker_v2_0/hdl/axi_protocol_checker_v2_0_vl_rfs.sv" Line 4865 : The "System Verilog Property Declaration" is not supported yet for simulation. The statement will be ignored.
WARNING: [XSIM 43-4127] File "/wrk/2018.1/nightly/2018_04_04_2188600/packages/customer/vivado/data/ip/xilinx/axi_protocol_checker_v2_0/hdl/axi_protocol_checker_v2_0_vl_rfs.sv" Line 4868 : The "System Verilog Assertion" is not supported yet for simulation. The statement will be ignored.
WARNING: [XSIM 43-4127] File "/wrk/2018.1/nightly/2018_04_04_2188600/packages/customer/vivado/data/ip/xilinx/axi_protocol_checker_v2_0/hdl/axi_protocol_checker_v2_0_vl_rfs.sv" Line 4876 : The "System Verilog Property Declaration" is not supported yet for simulation. The statement will be ignored.
WARNING: [XSIM 43-4127] File "/wrk/2018.1/nightly/2018_04_04_2188600/packages/customer/vivado/data/ip/xilinx/axi_protocol_checker_v2_0/hdl/axi_protocol_checker_v2_0_vl_rfs.sv" Line 4881 : The "System Verilog Assertion" is not supported yet for simulation. The statement will be ignored.
WARNING: [XSIM 43-4127] File "/wrk/2018.1/nightly/2018_04_04_2188600/packages/customer/vivado/data/ip/xilinx/axi_protocol_checker_v2_0/hdl/axi_protocol_checker_v2_0_vl_rfs.sv" Line 4887 : The "System Verilog Property Declaration" is not supported yet for simulation. The statement will be ignored.
WARNING: [XSIM 43-4127] File "/wrk/2018.1/nightly/2018_04_04_2188600/packages/customer/vivado/data/ip/xilinx/axi_protocol_checker_v2_0/hdl/axi_protocol_checker_v2_0_vl_rfs.sv" Line 4892 : The "System Verilog Assertion" is not supported yet for simulation. The statement will be ignored.
WARNING: [XSIM 43-4127] File "/wrk/2018.1/nightly/2018_04_04_2188600/packages/customer/vivado/data/ip/xilinx/axi_protocol_checker_v2_0/hdl/axi_protocol_checker_v2_0_vl_rfs.sv" Line 4898 : The "System Verilog Property Declaration" is not supported yet for simulation. The statement will be ignored.
WARNING: [XSIM 43-4127] File "/wrk/2018.1/nightly/2018_04_04_2188600/packages/customer/vivado/data/ip/xilinx/axi_protocol_checker_v2_0/hdl/axi_protocol_checker_v2_0_vl_rfs.sv" Line 4903 : The "System Verilog Assertion" is not supported yet for simulation. The statement will be ignored.
WARNING: [XSIM 43-4127] File "/wrk/2018.1/nightly/2018_04_04_2188600/packages/customer/vivado/data/ip/xilinx/axi_protocol_checker_v2_0/hdl/axi_protocol_checker_v2_0_vl_rfs.sv" Line 4909 : The "System Verilog Property Declaration" is not supported yet for simulation. The statement will be ignored.
WARNING: [XSIM 43-4127] File "/wrk/2018.1/nightly/2018_04_04_2188600/packages/customer/vivado/data/ip/xilinx/axi_protocol_checker_v2_0/hdl/axi_protocol_checker_v2_0_vl_rfs.sv" Line 4914 : The "System Verilog Assertion" is not supported yet for simulation. The statement will be ignored.
WARNING: [XSIM 43-4127] File "/wrk/2018.1/nightly/2018_04_04_2188600/packages/customer/vivado/data/ip/xilinx/axi_protocol_checker_v2_0/hdl/axi_protocol_checker_v2_0_vl_rfs.sv" Line 4920 : The "System Verilog Property Declaration" is not supported yet for simulation. The statement will be ignored.
WARNING: [XSIM 43-4127] File "/wrk/2018.1/nightly/2018_04_04_2188600/packages/customer/vivado/data/ip/xilinx/axi_protocol_checker_v2_0/hdl/axi_protocol_checker_v2_0_vl_rfs.sv" Line 4925 : The "System Verilog Assertion" is not supported yet for simulation. The statement will be ignored.
WARNING: [XSIM 43-4127] File "/wrk/2018.1/nightly/2018_04_04_2188600/packages/customer/vivado/data/ip/xilinx/axi_protocol_checker_v2_0/hdl/axi_protocol_checker_v2_0_vl_rfs.sv" Line 4932 : The "System Verilog Property Declaration" is not supported yet for simulation. The statement will be ignored.
WARNING: [XSIM 43-4127] File "/wrk/2018.1/nightly/2018_04_04_2188600/packages/customer/vivado/data/ip/xilinx/axi_protocol_checker_v2_0/hdl/axi_protocol_checker_v2_0_vl_rfs.sv" Line 4937 : The "System Verilog Assertion" is not supported yet for simulation. The statement will be ignored.
WARNING: [XSIM 43-4127] File "/wrk/2018.1/nightly/2018_04_04_2188600/packages/customer/vivado/data/ip/xilinx/axi_protocol_checker_v2_0/hdl/axi_protocol_checker_v2_0_vl_rfs.sv" Line 4943 : The "System Verilog Property Declaration" is not supported yet for simulation. The statement will be ignored.
WARNING: [XSIM 43-4127] File "/wrk/2018.1/nightly/2018_04_04_2188600/packages/customer/vivado/data/ip/xilinx/axi_protocol_checker_v2_0/hdl/axi_protocol_checker_v2_0_vl_rfs.sv" Line 4948 : The "System Verilog Assertion" is not supported yet for simulation. The statement will be ignored.
WARNING: [XSIM 43-4127] File "/wrk/2018.1/nightly/2018_04_04_2188600/packages/customer/vivado/data/ip/xilinx/axi_protocol_checker_v2_0/hdl/axi_protocol_checker_v2_0_vl_rfs.sv" Line 4954 : The "System Verilog Property Declaration" is not supported yet for simulation. The statement will be ignored.
WARNING: [XSIM 43-4127] File "/wrk/2018.1/nightly/2018_04_04_2188600/packages/customer/vivado/data/ip/xilinx/axi_protocol_checker_v2_0/hdl/axi_protocol_checker_v2_0_vl_rfs.sv" Line 4959 : The "System Verilog Assertion" is not supported yet for simulation. The statement will be ignored.
WARNING: [XSIM 43-4127] File "/wrk/2018.1/nightly/2018_04_04_2188600/packages/customer/vivado/data/ip/xilinx/axi_protocol_checker_v2_0/hdl/axi_protocol_checker_v2_0_vl_rfs.sv" Line 4965 : The "System Verilog Property Declaration" is not supported yet for simulation. The statement will be ignored.
WARNING: [XSIM 43-4127] File "/wrk/2018.1/nightly/2018_04_04_2188600/packages/customer/vivado/data/ip/xilinx/axi_protocol_checker_v2_0/hdl/axi_protocol_checker_v2_0_vl_rfs.sv" Line 4970 : The "System Verilog Assertion" is not supported yet for simulation. The statement will be ignored.
WARNING: [XSIM 43-4127] File "/wrk/2018.1/nightly/2018_04_04_2188600/packages/customer/vivado/data/ip/xilinx/axi_protocol_checker_v2_0/hdl/axi_protocol_checker_v2_0_vl_rfs.sv" Line 4976 : The "System Verilog Property Declaration" is not supported yet for simulation. The statement will be ignored.
WARNING: [XSIM 43-4127] File "/wrk/2018.1/nightly/2018_04_04_2188600/packages/customer/vivado/data/ip/xilinx/axi_protocol_checker_v2_0/hdl/axi_protocol_checker_v2_0_vl_rfs.sv" Line 4981 : The "System Verilog Assertion" is not supported yet for simulation. The statement will be ignored.
WARNING: [XSIM 43-4127] File "/wrk/2018.1/nightly/2018_04_04_2188600/packages/customer/vivado/data/ip/xilinx/axi_protocol_checker_v2_0/hdl/axi_protocol_checker_v2_0_vl_rfs.sv" Line 4987 : The "System Verilog Property Declaration" is not supported yet for simulation. The statement will be ignored.
WARNING: [XSIM 43-4127] File "/wrk/2018.1/nightly/2018_04_04_2188600/packages/customer/vivado/data/ip/xilinx/axi_protocol_checker_v2_0/hdl/axi_protocol_checker_v2_0_vl_rfs.sv" Line 4992 : The "System Verilog Assertion" is not supported yet for simulation. The statement will be ignored.
WARNING: [XSIM 43-4127] File "/wrk/2018.1/nightly/2018_04_04_2188600/packages/customer/vivado/data/ip/xilinx/axi_protocol_checker_v2_0/hdl/axi_protocol_checker_v2_0_vl_rfs.sv" Line 4998 : The "System Verilog Property Declaration" is not supported yet for simulation. The statement will be ignored.
WARNING: [XSIM 43-4127] File "/wrk/2018.1/nightly/2018_04_04_2188600/packages/customer/vivado/data/ip/xilinx/axi_protocol_checker_v2_0/hdl/axi_protocol_checker_v2_0_vl_rfs.sv" Line 5003 : The "System Verilog Assertion" is not supported yet for simulation. The statement will be ignored.
WARNING: [XSIM 43-4127] File "/wrk/2018.1/nightly/2018_04_04_2188600/packages/customer/vivado/data/ip/xilinx/axi_protocol_checker_v2_0/hdl/axi_protocol_checker_v2_0_vl_rfs.sv" Line 5009 : The "System Verilog Property Declaration" is not supported yet for simulation. The statement will be ignored.
WARNING: [XSIM 43-4127] File "/wrk/2018.1/nightly/2018_04_04_2188600/packages/customer/vivado/data/ip/xilinx/axi_protocol_checker_v2_0/hdl/axi_protocol_checker_v2_0_vl_rfs.sv" Line 5014 : The "System Verilog Assertion" is not supported yet for simulation. The statement will be ignored.
WARNING: [XSIM 43-4127] File "/wrk/2018.1/nightly/2018_04_04_2188600/packages/customer/vivado/data/ip/xilinx/axi_protocol_checker_v2_0/hdl/axi_protocol_checker_v2_0_vl_rfs.sv" Line 5020 : The "System Verilog Property Declaration" is not supported yet for simulation. The statement will be ignored.
WARNING: [XSIM 43-4127] File "/wrk/2018.1/nightly/2018_04_04_2188600/packages/customer/vivado/data/ip/xilinx/axi_protocol_checker_v2_0/hdl/axi_protocol_checker_v2_0_vl_rfs.sv" Line 5025 : The "System Verilog Assertion" is not supported yet for simulation. The statement will be ignored.
WARNING: [XSIM 43-4127] File "/wrk/2018.1/nightly/2018_04_04_2188600/packages/customer/vivado/data/ip/xilinx/axi_protocol_checker_v2_0/hdl/axi_protocol_checker_v2_0_vl_rfs.sv" Line 5031 : The "System Verilog Property Declaration" is not supported yet for simulation. The statement will be ignored.
WARNING: [XSIM 43-4127] File "/wrk/2018.1/nightly/2018_04_04_2188600/packages/customer/vivado/data/ip/xilinx/axi_protocol_checker_v2_0/hdl/axi_protocol_checker_v2_0_vl_rfs.sv" Line 5036 : The "System Verilog Assertion" is not supported yet for simulation. The statement will be ignored.
WARNING: [XSIM 43-4127] File "/wrk/2018.1/nightly/2018_04_04_2188600/packages/customer/vivado/data/ip/xilinx/axi_protocol_checker_v2_0/hdl/axi_protocol_checker_v2_0_vl_rfs.sv" Line 5042 : The "System Verilog Property Declaration" is not supported yet for simulation. The statement will be ignored.
WARNING: [XSIM 43-4127] File "/wrk/2018.1/nightly/2018_04_04_2188600/packages/customer/vivado/data/ip/xilinx/axi_protocol_checker_v2_0/hdl/axi_protocol_checker_v2_0_vl_rfs.sv" Line 5047 : The "System Verilog Assertion" is not supported yet for simulation. The statement will be ignored.
WARNING: [XSIM 43-4127] File "/wrk/2018.1/nightly/2018_04_04_2188600/packages/customer/vivado/data/ip/xilinx/axi_protocol_checker_v2_0/hdl/axi_protocol_checker_v2_0_vl_rfs.sv" Line 5053 : The "System Verilog Property Declaration" is not supported yet for simulation. The statement will be ignored.
WARNING: [XSIM 43-4127] File "/wrk/2018.1/nightly/2018_04_04_2188600/packages/customer/vivado/data/ip/xilinx/axi_protocol_checker_v2_0/hdl/axi_protocol_checker_v2_0_vl_rfs.sv" Line 5058 : The "System Verilog Assertion" is not supported yet for simulation. The statement will be ignored.
WARNING: [XSIM 43-4127] File "/wrk/2018.1/nightly/2018_04_04_2188600/packages/customer/vivado/data/ip/xilinx/axi_protocol_checker_v2_0/hdl/axi_protocol_checker_v2_0_vl_rfs.sv" Line 5064 : The "System Verilog Property Declaration" is not supported yet for simulation. The statement will be ignored.
WARNING: [XSIM 43-4127] File "/wrk/2018.1/nightly/2018_04_04_2188600/packages/customer/vivado/data/ip/xilinx/axi_protocol_checker_v2_0/hdl/axi_protocol_checker_v2_0_vl_rfs.sv" Line 5069 : The "System Verilog Assertion" is not supported yet for simulation. The statement will be ignored.
WARNING: [XSIM 43-4127] File "/wrk/2018.1/nightly/2018_04_04_2188600/packages/customer/vivado/data/ip/xilinx/axi_protocol_checker_v2_0/hdl/axi_protocol_checker_v2_0_vl_rfs.sv" Line 5075 : The "System Verilog Property Declaration" is not supported yet for simulation. The statement will be ignored.
WARNING: [XSIM 43-4127] File "/wrk/2018.1/nightly/2018_04_04_2188600/packages/customer/vivado/data/ip/xilinx/axi_protocol_checker_v2_0/hdl/axi_protocol_checker_v2_0_vl_rfs.sv" Line 5080 : The "System Verilog Assertion" is not supported yet for simulation. The statement will be ignored.
WARNING: [XSIM 43-4127] File "/wrk/2018.1/nightly/2018_04_04_2188600/packages/customer/vivado/data/ip/xilinx/axi_protocol_checker_v2_0/hdl/axi_protocol_checker_v2_0_vl_rfs.sv" Line 5086 : The "System Verilog Property Declaration" is not supported yet for simulation. The statement will be ignored.
WARNING: [XSIM 43-4127] File "/wrk/2018.1/nightly/2018_04_04_2188600/packages/customer/vivado/data/ip/xilinx/axi_protocol_checker_v2_0/hdl/axi_protocol_checker_v2_0_vl_rfs.sv" Line 5091 : The "System Verilog Assertion" is not supported yet for simulation. The statement will be ignored.
WARNING: [XSIM 43-4127] File "/wrk/2018.1/nightly/2018_04_04_2188600/packages/customer/vivado/data/ip/xilinx/axi_protocol_checker_v2_0/hdl/axi_protocol_checker_v2_0_vl_rfs.sv" Line 5097 : The "System Verilog Property Declaration" is not supported yet for simulation. The statement will be ignored.
WARNING: [XSIM 43-4127] File "/wrk/2018.1/nightly/2018_04_04_2188600/packages/customer/vivado/data/ip/xilinx/axi_protocol_checker_v2_0/hdl/axi_protocol_checker_v2_0_vl_rfs.sv" Line 5102 : The "System Verilog Assertion" is not supported yet for simulation. The statement will be ignored.
WARNING: [XSIM 43-4127] File "/wrk/2018.1/nightly/2018_04_04_2188600/packages/customer/vivado/data/ip/xilinx/axi_protocol_checker_v2_0/hdl/axi_protocol_checker_v2_0_vl_rfs.sv" Line 5108 : The "System Verilog Property Declaration" is not supported yet for simulation. The statement will be ignored.
WARNING: [XSIM 43-4127] File "/wrk/2018.1/nightly/2018_04_04_2188600/packages/customer/vivado/data/ip/xilinx/axi_protocol_checker_v2_0/hdl/axi_protocol_checker_v2_0_vl_rfs.sv" Line 5113 : The "System Verilog Assertion" is not supported yet for simulation. The statement will be ignored.
WARNING: [XSIM 43-4127] File "/wrk/2018.1/nightly/2018_04_04_2188600/packages/customer/vivado/data/ip/xilinx/axi_protocol_checker_v2_0/hdl/axi_protocol_checker_v2_0_vl_rfs.sv" Line 5119 : The "System Verilog Property Declaration" is not supported yet for simulation. The statement will be ignored.
WARNING: [XSIM 43-4127] File "/wrk/2018.1/nightly/2018_04_04_2188600/packages/customer/vivado/data/ip/xilinx/axi_protocol_checker_v2_0/hdl/axi_protocol_checker_v2_0_vl_rfs.sv" Line 5124 : The "System Verilog Assertion" is not supported yet for simulation. The statement will be ignored.
WARNING: [XSIM 43-4127] File "/wrk/2018.1/nightly/2018_04_04_2188600/packages/customer/vivado/data/ip/xilinx/axi_protocol_checker_v2_0/hdl/axi_protocol_checker_v2_0_vl_rfs.sv" Line 5130 : The "System Verilog Property Declaration" is not supported yet for simulation. The statement will be ignored.
WARNING: [XSIM 43-4127] File "/wrk/2018.1/nightly/2018_04_04_2188600/packages/customer/vivado/data/ip/xilinx/axi_protocol_checker_v2_0/hdl/axi_protocol_checker_v2_0_vl_rfs.sv" Line 5135 : The "System Verilog Assertion" is not supported yet for simulation. The statement will be ignored.
WARNING: [XSIM 43-4127] File "/wrk/2018.1/nightly/2018_04_04_2188600/packages/customer/vivado/data/ip/xilinx/axi_protocol_checker_v2_0/hdl/axi_protocol_checker_v2_0_vl_rfs.sv" Line 5141 : The "System Verilog Property Declaration" is not supported yet for simulation. The statement will be ignored.
WARNING: [XSIM 43-4127] File "/wrk/2018.1/nightly/2018_04_04_2188600/packages/customer/vivado/data/ip/xilinx/axi_protocol_checker_v2_0/hdl/axi_protocol_checker_v2_0_vl_rfs.sv" Line 5146 : The "System Verilog Assertion" is not supported yet for simulation. The statement will be ignored.
WARNING: [XSIM 43-4127] File "/wrk/2018.1/nightly/2018_04_04_2188600/packages/customer/vivado/data/ip/xilinx/axi_protocol_checker_v2_0/hdl/axi_protocol_checker_v2_0_vl_rfs.sv" Line 5152 : The "System Verilog Property Declaration" is not supported yet for simulation. The statement will be ignored.
WARNING: [XSIM 43-4127] File "/wrk/2018.1/nightly/2018_04_04_2188600/packages/customer/vivado/data/ip/xilinx/axi_protocol_checker_v2_0/hdl/axi_protocol_checker_v2_0_vl_rfs.sv" Line 5157 : The "System Verilog Assertion" is not supported yet for simulation. The statement will be ignored.
WARNING: [XSIM 43-4127] File "/wrk/2018.1/nightly/2018_04_04_2188600/packages/customer/vivado/data/ip/xilinx/axi_protocol_checker_v2_0/hdl/axi_protocol_checker_v2_0_vl_rfs.sv" Line 5163 : The "System Verilog Property Declaration" is not supported yet for simulation. The statement will be ignored.
WARNING: [XSIM 43-4127] File "/wrk/2018.1/nightly/2018_04_04_2188600/packages/customer/vivado/data/ip/xilinx/axi_protocol_checker_v2_0/hdl/axi_protocol_checker_v2_0_vl_rfs.sv" Line 5168 : The "System Verilog Assertion" is not supported yet for simulation. The statement will be ignored.
Starting simulation data flow analysis
WARNING: [XSIM 43-4100] "D:/Documents/AXI/AXI_Lite/ownAXIL/rtl/axi_lite_m.v" Line 8. Module axis_lite_m has a timescale but at least one module in design doesn't have timescale.
WARNING: [XSIM 43-4100] "D:/Documents/AXI/AXI_Lite/ownAXIL/rtl/axis_m.v" Line 8. Module axis_m has a timescale but at least one module in design doesn't have timescale.
WARNING: [XSIM 43-4100] "D:/Documents/AXI/AXI_Lite/ownAXIL/rtl/axis_m.v" Line 8. Module axis_m has a timescale but at least one module in design doesn't have timescale.
WARNING: [XSIM 43-4100] "D:/Documents/AXI/AXI_Lite/ownAXIL/rtl/axis_s.v" Line 8. Module axis_s has a timescale but at least one module in design doesn't have timescale.
WARNING: [XSIM 43-4100] "D:/Documents/AXI/AXI_Lite/ownAXIL/rtl/axis_m.v" Line 8. Module axis_m has a timescale but at least one module in design doesn't have timescale.
WARNING: [XSIM 43-4100] "D:/Documents/AXI/AXI_Lite/ownAXIL/rtl/axis_s.v" Line 8. Module axis_s has a timescale but at least one module in design doesn't have timescale.
WARNING: [XSIM 43-4100] "D:/Documents/AXI/AXI_Lite/ownAXIL/vproj_axi_lite/vproj_axi_lite.srcs/sources_1/ip/axi_vip_0/sim/axi_vip_0.sv" Line 55. Module axi_vip_0 has a timescale but at least one module in design doesn't have timescale.
WARNING: [XSIM 43-4100] "/wrk/2018.1/nightly/2018_04_04_2188600/packages/customer/vivado/data/ip/xilinx/axi_vip_v1_1/hdl/axi_vip_v1_1_vl_rfs.sv" Line 60. Module axi_vip_v1_1_2_top(C_AXI_PROTOCOL=2,C_AXI_INTERFACE_MODE=2,C_AXI_SUPPORTS_NARROW=0,C_AXI_HAS_BURST=0,C_AXI_HAS_LOCK=0,C_AXI_HAS_CACHE=0,C_AXI_HAS_REGION=0,C_AXI_HAS_QOS=0) has a timescale but at least one module in design doesn't have timescale.
WARNING: [XSIM 43-4100] "/wrk/2018.1/nightly/2018_04_04_2188600/packages/customer/vivado/data/xilinx_vip/hdl/axi_vip_if.sv" Line 127. Module axi_vip_if(C_AXI_PROTOCOL=2,C_AXI_SUPPORTS_NARROW=0,C_AXI_HAS_BURST=0,C_AXI_HAS_LOCK=0,C_AXI_HAS_CACHE=0,C_AXI_HAS_REGION=0,C_AXI_HAS_QOS=0) has a timescale but at least one module in design doesn't have timescale.
WARNING: [XSIM 43-4100] "/wrk/2018.1/nightly/2018_04_04_2188600/packages/customer/vivado/data/xilinx_vip/hdl/axi_vip_if.sv" Line 854. Module cb has a timescale but at least one module in design doesn't have timescale.
WARNING: [XSIM 43-4100] "/wrk/2018.1/nightly/2018_04_04_2188600/packages/customer/vivado/data/xilinx_vip/hdl/axi_vip_if.sv" Line 854. Module cb has a timescale but at least one module in design doesn't have timescale.
WARNING: [XSIM 43-4100] "/wrk/2018.1/nightly/2018_04_04_2188600/packages/customer/vivado/data/ip/xilinx/axi_protocol_checker_v2_0/hdl/axi_protocol_checker_v2_0_vl_rfs.sv" Line 5926. Module axi_protocol_checker_v2_0_2_top(C_AXI_PROTOCOL=2,C_PC_MAXRBURSTS=64,C_PC_MAXWBURSTS=64,C_PC_SUPPORTS_NARROW_BURST=0,C_PC_STATUS_WIDTH=97) has a timescale but at least one module in design doesn't have timescale.
WARNING: [XSIM 43-4100] "/wrk/2018.1/nightly/2018_04_04_2188600/packages/customer/vivado/data/ip/xilinx/axi_protocol_checker_v2_0/hdl/axi_protocol_checker_v2_0_vl_rfs.sv" Line 5521. Module axi_protocol_checker_v2_0_2_threadcam(C_NUM_THREADS=2,C_ID_WIDTH=1,C_NUM_OUTSTANDING=64) has a timescale but at least one module in design doesn't have timescale.
WARNING: [XSIM 43-4100] "/wrk/2018.1/nightly/2018_04_04_2188600/packages/customer/vivado/data/ip/xilinx/sc_util_v1_0/hdl/sc_util_v1_0_vl_rfs.sv" Line 1. Module sc_util_v1_0_2_onehot_to_binary(C_BIN_WIDTH=1,C_OH_WIDTH=2) has a timescale but at least one module in design doesn't have timescale.
WARNING: [XSIM 43-4100] "/wrk/2018.1/nightly/2018_04_04_2188600/packages/customer/vivado/data/ip/xilinx/sc_util_v1_0/hdl/sc_util_v1_0_vl_rfs.sv" Line 1. Module sc_util_v1_0_2_onehot_to_binary(C_BIN_WIDTH=1,C_OH_WIDTH=2) has a timescale but at least one module in design doesn't have timescale.
WARNING: [XSIM 43-4100] "/wrk/2018.1/nightly/2018_04_04_2188600/packages/customer/vivado/data/ip/xilinx/sc_util_v1_0/hdl/sc_util_v1_0_vl_rfs.sv" Line 1. Module sc_util_v1_0_2_axic_reg_srl_fifo(C_FIFO_WIDTH=2,C_FIFO_SIZE=2) has a timescale but at least one module in design doesn't have timescale.
WARNING: [XSIM 43-4100] "/wrk/2018.1/nightly/2018_04_04_2188600/packages/customer/vivado/data/ip/xilinx/sc_util_v1_0/hdl/sc_util_v1_0_vl_rfs.sv" Line 1. Module sc_util_v1_0_2_srl_rtl(C_A_WIDTH=2) has a timescale but at least one module in design doesn't have timescale.
WARNING: [XSIM 43-4100] "/wrk/2018.1/nightly/2018_04_04_2188600/packages/customer/vivado/data/ip/xilinx/sc_util_v1_0/hdl/sc_util_v1_0_vl_rfs.sv" Line 1. Module sc_util_v1_0_2_srl_rtl(C_A_WIDTH=2) has a timescale but at least one module in design doesn't have timescale.
WARNING: [XSIM 43-4100] "/wrk/2018.1/nightly/2018_04_04_2188600/packages/customer/vivado/data/ip/xilinx/axi_protocol_checker_v2_0/hdl/axi_protocol_checker_v2_0_vl_rfs.sv" Line 5521. Module axi_protocol_checker_v2_0_2_threadcam(C_NUM_THREADS=2,C_ID_WIDTH=1,C_NUM_OUTSTANDING=64) has a timescale but at least one module in design doesn't have timescale.
WARNING: [XSIM 43-4100] "/wrk/2018.1/nightly/2018_04_04_2188600/packages/customer/vivado/data/ip/xilinx/sc_util_v1_0/hdl/sc_util_v1_0_vl_rfs.sv" Line 1. Module sc_util_v1_0_2_onehot_to_binary(C_BIN_WIDTH=1,C_OH_WIDTH=2) has a timescale but at least one module in design doesn't have timescale.
WARNING: [XSIM 43-4100] "/wrk/2018.1/nightly/2018_04_04_2188600/packages/customer/vivado/data/ip/xilinx/sc_util_v1_0/hdl/sc_util_v1_0_vl_rfs.sv" Line 1. Module sc_util_v1_0_2_onehot_to_binary(C_BIN_WIDTH=1,C_OH_WIDTH=2) has a timescale but at least one module in design doesn't have timescale.
WARNING: [XSIM 43-4100] "/wrk/2018.1/nightly/2018_04_04_2188600/packages/customer/vivado/data/ip/xilinx/sc_util_v1_0/hdl/sc_util_v1_0_vl_rfs.sv" Line 1. Module sc_util_v1_0_2_axic_reg_srl_fifo(C_FIFO_WIDTH=2,C_FIFO_SIZE=2) has a timescale but at least one module in design doesn't have timescale.
WARNING: [XSIM 43-4100] "/wrk/2018.1/nightly/2018_04_04_2188600/packages/customer/vivado/data/ip/xilinx/sc_util_v1_0/hdl/sc_util_v1_0_vl_rfs.sv" Line 1. Module sc_util_v1_0_2_srl_rtl(C_A_WIDTH=2) has a timescale but at least one module in design doesn't have timescale.
WARNING: [XSIM 43-4100] "/wrk/2018.1/nightly/2018_04_04_2188600/packages/customer/vivado/data/ip/xilinx/sc_util_v1_0/hdl/sc_util_v1_0_vl_rfs.sv" Line 1. Module sc_util_v1_0_2_srl_rtl(C_A_WIDTH=2) has a timescale but at least one module in design doesn't have timescale.
WARNING: [XSIM 43-4100] "/wrk/2018.1/nightly/2018_04_04_2188600/packages/customer/vivado/data/ip/xilinx/axi_protocol_checker_v2_0/hdl/axi_protocol_checker_v2_0_vl_rfs.sv" Line 2579. Module axi_protocol_checker_v2_0_2_core(C_ERROR_COUNT=97,C_AXI_PROTOCOL=2,MAXRBURSTS=64,MAXWBURSTS=64,EXMON_WIDTH=0,MAX_AW_WAITS=0,MAX_AR_WAITS=0,MAX_W_WAITS=0,MAX_R_WAITS=0,MAX_B_WAITS=0,MAX_CONTINUOUS_RTRANSFERS_WAITS=0,MAX_CONTINUOUS_WTRANSFERS_WAITS=0,MAX_WLAST_TO_AWVALID_WAITS=0,MAX_WRITE_TO_BVALID_WAITS=0,C_PC_SUPPORTS_NARROW_BURST=0,C_NUM_RTHREADS=2,C_NUM_WTHREADS=2) has a timescale but at least one module in design doesn't have timescale.
WARNING: [XSIM 43-4100] "/wrk/2018.1/nightly/2018_04_04_2188600/packages/customer/vivado/data/ip/xilinx/axi_protocol_checker_v2_0/hdl/axi_protocol_checker_v2_0_vl_rfs.sv" Line 3926. Module axi_protocol_checker_v2_0_2_syn_fifo(C_DATA_WIDTH=21,C_ADDR_WIDTH=6) has a timescale but at least one module in design doesn't have timescale.
WARNING: [XSIM 43-4100] "/wrk/2018.1/nightly/2018_04_04_2188600/packages/customer/vivado/data/ip/xilinx/axi_protocol_checker_v2_0/hdl/axi_protocol_checker_v2_0_vl_rfs.sv" Line 3926. Module axi_protocol_checker_v2_0_2_syn_fifo(C_DATA_WIDTH=21,C_ADDR_WIDTH=6) has a timescale but at least one module in design doesn't have timescale.
WARNING: [XSIM 43-4100] "/wrk/2018.1/nightly/2018_04_04_2188600/packages/customer/vivado/data/ip/xilinx/axi_protocol_checker_v2_0/hdl/axi_protocol_checker_v2_0_vl_rfs.sv" Line 144. Module axi_protocol_checker_v2_0_2_axi4pc_asr_inline(DATA_WIDTH=32,ID_WIDTH=1,AWUSER_WIDTH=1,WUSER_WIDTH=1,BUSER_WIDTH=1,ARUSER_WIDTH=1,RUSER_WIDTH=1,MAXRBURSTS=64,MAXWBURSTS=64,DATA_MAX=31,ADDR_MAX=31,STRB_WIDTH=4,STRB_MAX=3,ID_MAX=0,AWUSER_MAX=0,WUSER_MAX=0,BUSER_MAX=0,ARUSER_MAX=0,RUSER_MAX=0,MAX_AW_WAITS=0,MAX_AR_WAITS=0,MAX_W_WAITS=0,MAX_R_WAITS=0,MAX_B_WAITS=0,MAX_CONTINUOUS_RTRANSFERS_WAITS=0,MAX_CONTINUOUS_WTRANSFERS_WAITS=0,MAX_WLAST_TO_AWVALID_WAITS=0,MAX_WRITE_TO_BVALID_WAITS=0) has a timescale but at least one module in design doesn't have timescale.
WARNING: [XSIM 43-4100] "/wrk/2018.1/nightly/2018_04_04_2188600/packages/customer/vivado/data/ip/xilinx/axi_protocol_checker_v2_0/hdl/axi_protocol_checker_v2_0_vl_rfs.sv" Line 56. Module axi_protocol_checker_v2_0_2_axi4litepc_asr_inline(DATA_WIDTH=32) has a timescale but at least one module in design doesn't have timescale.
WARNING: [XSIM 43-4100] "/wrk/2018.1/nightly/2018_04_04_2188600/packages/customer/vivado/data/ip/xilinx/axi_protocol_checker_v2_0/hdl/axi_protocol_checker_v2_0_vl_rfs.sv" Line 3926. Module axi_protocol_checker_v2_0_2_syn_fifo(C_DATA_WIDTH=19,C_ADDR_WIDTH=6) has a timescale but at least one module in design doesn't have timescale.
WARNING: [XSIM 43-4100] "/wrk/2018.1/nightly/2018_04_04_2188600/packages/customer/vivado/data/ip/xilinx/axi_protocol_checker_v2_0/hdl/axi_protocol_checker_v2_0_vl_rfs.sv" Line 3926. Module axi_protocol_checker_v2_0_2_syn_fifo(C_DATA_WIDTH=13,C_ADDR_WIDTH=6) has a timescale but at least one module in design doesn't have timescale.
WARNING: [XSIM 43-4100] "/wrk/2018.1/nightly/2018_04_04_2188600/packages/customer/vivado/data/ip/xilinx/axi_protocol_checker_v2_0/hdl/axi_protocol_checker_v2_0_vl_rfs.sv" Line 4259. Module axi_protocol_checker_v2_0_2_reporter(C_AXI_PROTOCOL=2,C_PC_MAXRBURSTS=64,C_PC_MAXWBURSTS=64) has a timescale but at least one module in design doesn't have timescale.
WARNING: [XSIM 43-4100] "D:/Documents/AXI/AXI_Lite/ownAXIL/vproj_axi_lite/vproj_axi_lite.sim/sim_1/behav/xsim/glbl.v" Line 6. Module glbl has a timescale but at least one module in design doesn't have timescale.
WARNING: [XSIM 43-4100] "/wrk/2018.1/nightly/2018_04_04_2188600/packages/customer/vivado/data/xilinx_vip/hdl/axi_vip_pkg.sv" Line 51. Module axi_vip_pkg has a timescale but at least one module in design doesn't have timescale.
WARNING: [XSIM 43-4100] "/wrk/2018.1/nightly/2018_04_04_2188600/packages/customer/vivado/data/xilinx_vip/hdl/xil_common_vip_pkg.sv" Line 49. Module xil_common_vip_pkg has a timescale but at least one module in design doesn't have timescale.
WARNING: [XSIM 43-4100] "/wrk/2018.1/nightly/2018_04_04_2188600/packages/customer/vivado/data/ip/xilinx/sc_util_v1_0/hdl/sc_util_v1_0_vl_rfs.sv" Line 1. Module sc_util_v1_0_2_pkg has a timescale but at least one module in design doesn't have timescale.
Completed simulation data flow analysis
Time Resolution for simulation is 1ps
Compiling module xil_defaultlib.axil_itf
Compiling module xil_defaultlib.axis_m
Compiling module xil_defaultlib.axis_s
Compiling module xil_defaultlib.axis_lite_m
Compiling module xilinx_vip.cb
Compiling module xilinx_vip.axi_vip_if(C_AXI_PROTOCOL=2,C_AX...
Compiling module smartconnect_v1_0.sc_util_v1_0_2_onehot_to_binary(...
Compiling module smartconnect_v1_0.sc_util_v1_0_2_srl_rtl(C_A_WIDTH...
Compiling module smartconnect_v1_0.sc_util_v1_0_2_axic_reg_srl_fifo...
Compiling module axi_protocol_checker_v2_0_2.axi_protocol_checker_v2_0_2_thre...
Compiling module axi_protocol_checker_v2_0_2.axi_protocol_checker_v2_0_2_syn_...
Compiling module axi_protocol_checker_v2_0_2.axi_protocol_checker_v2_0_2_axi4...
Compiling module axi_protocol_checker_v2_0_2.axi_protocol_checker_v2_0_2_axi4...
Compiling module axi_protocol_checker_v2_0_2.axi_protocol_checker_v2_0_2_syn_...
Compiling module axi_protocol_checker_v2_0_2.axi_protocol_checker_v2_0_2_syn_...
Compiling module axi_protocol_checker_v2_0_2.axi_protocol_checker_v2_0_2_core...
Compiling module axi_protocol_checker_v2_0_2.axi_protocol_checker_v2_0_2_repo...
Compiling module axi_protocol_checker_v2_0_2.axi_protocol_checker_v2_0_2_top(...
Compiling module axi_vip_v1_1_2.axi_vip_v1_1_2_top(C_AXI_PROTOCO...
Compiling module xil_defaultlib.axi_vip_0
Compiling module xil_defaultlib.TB_AXI_Lite
Compiling module xil_defaultlib.glbl
Compiling package xilinx_vip.axi_vip_pkg
Compiling package xilinx_vip.xil_common_vip_pkg
Compiling package std.std
Compiling package smartconnect_v1_0.sc_util_v1_0_2_pkg
Built simulation snapshot TB_AXI_Lite_behav
